<?xml version="1.0" encoding="UTF-8"?>
<!-- Generated by org.testng.reporters.JUnitReportReporter -->
<testsuite hostname="suresh-pc" name="Practice1.Handlingfilter_In_Make_Trip" tests="1" failures="0" timestamp="22 Jul 2016 13:31:58 GMT" time="28.037" errors="0">
  <testcase name="HandlingSliders" time="28.037" classname="Practice1.Handlingfilter_In_Make_Trip"/>
</testsuite> <!-- Practice1.Handlingfilter_In_Make_Trip -->
