<?xml version="1.0" encoding="UTF-8"?>
<!-- Generated by org.testng.reporters.JUnitReportReporter -->
<testsuite hostname="suresh-pc" name="Sandipan.MakeMytrip" tests="1" failures="0" timestamp="22 Jul 2016 13:38:33 GMT" time="33.285" errors="0">
  <testcase name="serachFlight" time="33.285" classname="Sandipan.MakeMytrip"/>
</testsuite> <!-- Sandipan.MakeMytrip -->
